{"meta": {"format": 3, "version": "7.8.0", "timestamp": "2025-04-26T10:26:02.293061", "branch_coverage": false, "show_contexts": false}, "files": {"board_init.py": {"executed_lines": [2, 4, 5, 6, 7, 8, 9, 11, 12, 13, 14, 15, 16, 17, 18, 19, 21, 22, 23, 25, 26, 28, 29, 30, 31, 32], "summary": {"covered_lines": 26, "num_statements": 26, "percent_covered": 100.0, "percent_covered_display": "100", "missing_lines": 0, "excluded_lines": 0}, "missing_lines": [], "excluded_lines": [], "functions": {"init_floor_checkerboard": {"executed_lines": [12, 13, 14, 15, 16, 17, 18, 19, 21, 22, 23], "summary": {"covered_lines": 11, "num_statements": 11, "percent_covered": 100.0, "percent_covered_display": "100", "missing_lines": 0, "excluded_lines": 0}, "missing_lines": [], "excluded_lines": []}, "init_floor_all_magenta": {"executed_lines": [26], "summary": {"covered_lines": 1, "num_statements": 1, "percent_covered": 100.0, "percent_covered_display": "100", "missing_lines": 0, "excluded_lines": 0}, "missing_lines": [], "excluded_lines": []}, "init_floor_random_stripes": {"executed_lines": [29, 30, 31, 32], "summary": {"covered_lines": 4, "num_statements": 4, "percent_covered": 100.0, "percent_covered_display": "100", "missing_lines": 0, "excluded_lines": 0}, "missing_lines": [], "excluded_lines": []}, "": {"executed_lines": [2, 4, 5, 6, 7, 8, 9, 11, 25, 28], "summary": {"covered_lines": 10, "num_statements": 10, "percent_covered": 100.0, "percent_covered_display": "100", "missing_lines": 0, "excluded_lines": 0}, "missing_lines": [], "excluded_lines": []}}, "classes": {"": {"executed_lines": [2, 4, 5, 6, 7, 8, 9, 11, 12, 13, 14, 15, 16, 17, 18, 19, 21, 22, 23, 25, 26, 28, 29, 30, 31, 32], "summary": {"covered_lines": 26, "num_statements": 26, "percent_covered": 100.0, "percent_covered_display": "100", "missing_lines": 0, "excluded_lines": 0}, "missing_lines": [], "excluded_lines": []}}}, "color_defs.py": {"executed_lines": [3, 4, 5, 6, 7, 8, 10, 19, 28, 29, 31, 32, 34], "summary": {"covered_lines": 13, "num_statements": 13, "percent_covered": 100.0, "percent_covered_display": "100", "missing_lines": 0, "excluded_lines": 0}, "missing_lines": [], "excluded_lines": [], "functions": {"get_color_name": {"executed_lines": [29], "summary": {"covered_lines": 1, "num_statements": 1, "percent_covered": 100.0, "percent_covered_display": "100", "missing_lines": 0, "excluded_lines": 0}, "missing_lines": [], "excluded_lines": []}, "get_color_char": {"executed_lines": [32], "summary": {"covered_lines": 1, "num_statements": 1, "percent_covered": 100.0, "percent_covered_display": "100", "missing_lines": 0, "excluded_lines": 0}, "missing_lines": [], "excluded_lines": []}, "": {"executed_lines": [3, 4, 5, 6, 7, 8, 10, 19, 28, 31, 34], "summary": {"covered_lines": 11, "num_statements": 11, "percent_covered": 100.0, "percent_covered_display": "100", "missing_lines": 0, "excluded_lines": 0}, "missing_lines": [], "excluded_lines": []}}, "classes": {"": {"executed_lines": [3, 4, 5, 6, 7, 8, 10, 19, 28, 29, 31, 32, 34], "summary": {"covered_lines": 13, "num_statements": 13, "percent_covered": 100.0, "percent_covered_display": "100", "missing_lines": 0, "excluded_lines": 0}, "missing_lines": [], "excluded_lines": []}}}, "input_reader.py": {"executed_lines": [3], "summary": {"covered_lines": 1, "num_statements": 51, "percent_covered": 1.9607843137254901, "percent_covered_display": "2", "missing_lines": 50, "excluded_lines": 0}, "missing_lines": [4, 5, 6, 7, 8, 9, 10, 11, 12, 14, 15, 16, 17, 19, 20, 21, 22, 24, 25, 26, 27, 29, 30, 31, 32, 34, 35, 36, 37, 39, 40, 41, 42, 44, 45, 46, 47, 49, 50, 51, 52, 54, 56, 57, 58, 60, 61, 62, 64, 65], "excluded_lines": [], "functions": {"read_file": {"executed_lines": [], "summary": {"covered_lines": 0, "num_statements": 50, "percent_covered": 0.0, "percent_covered_display": "0", "missing_lines": 50, "excluded_lines": 0}, "missing_lines": [4, 5, 6, 7, 8, 9, 10, 11, 12, 14, 15, 16, 17, 19, 20, 21, 22, 24, 25, 26, 27, 29, 30, 31, 32, 34, 35, 36, 37, 39, 40, 41, 42, 44, 45, 46, 47, 49, 50, 51, 52, 54, 56, 57, 58, 60, 61, 62, 64, 65], "excluded_lines": []}, "": {"executed_lines": [3], "summary": {"covered_lines": 1, "num_statements": 1, "percent_covered": 100.0, "percent_covered_display": "100", "missing_lines": 0, "excluded_lines": 0}, "missing_lines": [], "excluded_lines": []}}, "classes": {"": {"executed_lines": [3], "summary": {"covered_lines": 1, "num_statements": 51, "percent_covered": 1.9607843137254901, "percent_covered_display": "2", "missing_lines": 50, "excluded_lines": 0}, "missing_lines": [4, 5, 6, 7, 8, 9, 10, 11, 12, 14, 15, 16, 17, 19, 20, 21, 22, 24, 25, 26, 27, 29, 30, 31, 32, 34, 35, 36, 37, 39, 40, 41, 42, 44, 45, 46, 47, 49, 50, 51, 52, 54, 56, 57, 58, 60, 61, 62, 64, 65], "excluded_lines": []}}}, "robot.py": {"executed_lines": [1, 3, 8, 13, 15, 16, 17, 18, 19, 20, 21, 22, 23, 29, 30, 31, 33, 34, 35, 36, 37, 38, 39, 40, 41, 42, 44, 46, 47, 48, 49, 50, 51, 52, 53, 59, 76, 84, 117, 118, 119, 120, 121, 122, 123, 124, 128, 159, 160, 168, 169, 170, 171, 173, 176, 177, 178, 179, 180, 181, 184, 185, 186, 187, 190], "summary": {"covered_lines": 65, "num_statements": 130, "percent_covered": 50.0, "percent_covered_display": "50", "missing_lines": 65, "excluded_lines": 0}, "missing_lines": [55, 60, 62, 63, 65, 68, 71, 77, 78, 79, 80, 82, 86, 87, 89, 90, 91, 93, 94, 95, 96, 97, 99, 100, 102, 105, 106, 108, 109, 111, 112, 115, 129, 131, 132, 133, 134, 135, 136, 137, 138, 139, 141, 142, 143, 144, 146, 148, 149, 150, 152, 153, 154, 155, 157, 191, 192, 194, 196, 197, 198, 199, 201, 203, 205], "excluded_lines": [], "functions": {"init_robots": {"executed_lines": [16, 17, 18, 19, 20, 21, 22, 23, 29, 30, 31], "summary": {"covered_lines": 11, "num_statements": 11, "percent_covered": 100.0, "percent_covered_display": "100", "missing_lines": 0, "excluded_lines": 0}, "missing_lines": [], "excluded_lines": []}, "move_forward": {"executed_lines": [34, 35, 36, 37, 38, 39, 40, 41, 42], "summary": {"covered_lines": 9, "num_statements": 9, "percent_covered": 100.0, "percent_covered_display": "100", "missing_lines": 0, "excluded_lines": 0}, "missing_lines": [], "excluded_lines": []}, "update_direction": {"executed_lines": [46, 47, 48, 49, 50, 51, 52, 53], "summary": {"covered_lines": 8, "num_statements": 9, "percent_covered": 88.88888888888889, "percent_covered_display": "89", "missing_lines": 1, "excluded_lines": 0}, "missing_lines": [55], "excluded_lines": []}, "simulate_step": {"executed_lines": [118, 119, 120, 121, 122, 123, 124], "summary": {"covered_lines": 7, "num_statements": 7, "percent_covered": 100.0, "percent_covered_display": "100", "missing_lines": 0, "excluded_lines": 0}, "missing_lines": [], "excluded_lines": []}, "print_floor": {"executed_lines": [160, 168, 169, 170, 171, 173], "summary": {"covered_lines": 6, "num_statements": 6, "percent_covered": 100.0, "percent_covered_display": "100", "missing_lines": 0, "excluded_lines": 0}, "missing_lines": [], "excluded_lines": []}, "run_simulation": {"executed_lines": [177, 178, 179, 180, 181, 184, 185, 186, 187], "summary": {"covered_lines": 9, "num_statements": 9, "percent_covered": 100.0, "percent_covered_display": "100", "missing_lines": 0, "excluded_lines": 0}, "missing_lines": [], "excluded_lines": []}, "": {"executed_lines": [1, 3, 8, 13, 15, 33, 44, 59, 76, 84, 117, 128, 159, 176, 190], "summary": {"covered_lines": 15, "num_statements": 48, "percent_covered": 31.25, "percent_covered_display": "31", "missing_lines": 33, "excluded_lines": 0}, "missing_lines": [129, 131, 132, 133, 134, 135, 136, 137, 138, 139, 141, 142, 143, 144, 146, 148, 149, 150, 152, 153, 154, 155, 157, 191, 192, 194, 196, 197, 198, 199, 201, 203, 205], "excluded_lines": []}}, "classes": {"": {"executed_lines": [1, 3, 8, 13, 15, 16, 17, 18, 19, 20, 21, 22, 23, 29, 30, 31, 33, 34, 35, 36, 37, 38, 39, 40, 41, 42, 44, 46, 47, 48, 49, 50, 51, 52, 53, 59, 76, 84, 117, 118, 119, 120, 121, 122, 123, 124, 128, 159, 160, 168, 169, 170, 171, 173, 176, 177, 178, 179, 180, 181, 184, 185, 186, 187, 190], "summary": {"covered_lines": 65, "num_statements": 130, "percent_covered": 50.0, "percent_covered_display": "50", "missing_lines": 65, "excluded_lines": 0}, "missing_lines": [55, 60, 62, 63, 65, 68, 71, 77, 78, 79, 80, 82, 86, 87, 89, 90, 91, 93, 94, 95, 96, 97, 99, 100, 102, 105, 106, 108, 109, 111, 112, 115, 129, 131, 132, 133, 134, 135, 136, 137, 138, 139, 141, 142, 143, 144, 146, 148, 149, 150, 152, 153, 154, 155, 157, 191, 192, 194, 196, 197, 198, 199, 201, 203, 205], "excluded_lines": []}}}, "tests\\test_board_init.py": {"executed_lines": [1, 2, 4, 5, 6, 7, 8, 9, 11, 12, 13, 14, 16, 17, 18, 21, 22, 23, 25, 26, 29], "summary": {"covered_lines": 21, "num_statements": 22, "percent_covered": 95.45454545454545, "percent_covered_display": "95", "missing_lines": 1, "excluded_lines": 0}, "missing_lines": [30], "excluded_lines": [], "functions": {"TestBoardInit.test_checkerboard": {"executed_lines": [6, 7, 8, 9], "summary": {"covered_lines": 4, "num_statements": 4, "percent_covered": 100.0, "percent_covered_display": "100", "missing_lines": 0, "excluded_lines": 0}, "missing_lines": [], "excluded_lines": []}, "TestBoardInit.test_all_magenta": {"executed_lines": [12, 13, 14], "summary": {"covered_lines": 3, "num_statements": 3, "percent_covered": 100.0, "percent_covered_display": "100", "missing_lines": 0, "excluded_lines": 0}, "missing_lines": [], "excluded_lines": []}, "TestBoardInit.test_random_stripes_consistency": {"executed_lines": [17, 18, 21, 22, 23, 25, 26], "summary": {"covered_lines": 7, "num_statements": 7, "percent_covered": 100.0, "percent_covered_display": "100", "missing_lines": 0, "excluded_lines": 0}, "missing_lines": [], "excluded_lines": []}, "": {"executed_lines": [1, 2, 4, 5, 11, 16, 29], "summary": {"covered_lines": 7, "num_statements": 8, "percent_covered": 87.5, "percent_covered_display": "88", "missing_lines": 1, "excluded_lines": 0}, "missing_lines": [30], "excluded_lines": []}}, "classes": {"TestBoardInit": {"executed_lines": [6, 7, 8, 9, 12, 13, 14, 17, 18, 21, 22, 23, 25, 26], "summary": {"covered_lines": 14, "num_statements": 14, "percent_covered": 100.0, "percent_covered_display": "100", "missing_lines": 0, "excluded_lines": 0}, "missing_lines": [], "excluded_lines": []}, "": {"executed_lines": [1, 2, 4, 5, 11, 16, 29], "summary": {"covered_lines": 7, "num_statements": 8, "percent_covered": 87.5, "percent_covered_display": "88", "missing_lines": 1, "excluded_lines": 0}, "missing_lines": [30], "excluded_lines": []}}}, "tests\\test_color.py": {"executed_lines": [1, 2, 4, 5, 6, 7, 9, 10, 11, 13, 14, 15, 17], "summary": {"covered_lines": 13, "num_statements": 14, "percent_covered": 92.85714285714286, "percent_covered_display": "93", "missing_lines": 1, "excluded_lines": 0}, "missing_lines": [18], "excluded_lines": [], "functions": {"TestColorDefs.test_color_name": {"executed_lines": [6, 7], "summary": {"covered_lines": 2, "num_statements": 2, "percent_covered": 100.0, "percent_covered_display": "100", "missing_lines": 0, "excluded_lines": 0}, "missing_lines": [], "excluded_lines": []}, "TestColorDefs.test_color_char": {"executed_lines": [10, 11], "summary": {"covered_lines": 2, "num_statements": 2, "percent_covered": 100.0, "percent_covered_display": "100", "missing_lines": 0, "excluded_lines": 0}, "missing_lines": [], "excluded_lines": []}, "TestColorDefs.test_invalid_code": {"executed_lines": [14, 15], "summary": {"covered_lines": 2, "num_statements": 2, "percent_covered": 100.0, "percent_covered_display": "100", "missing_lines": 0, "excluded_lines": 0}, "missing_lines": [], "excluded_lines": []}, "": {"executed_lines": [1, 2, 4, 5, 9, 13, 17], "summary": {"covered_lines": 7, "num_statements": 8, "percent_covered": 87.5, "percent_covered_display": "88", "missing_lines": 1, "excluded_lines": 0}, "missing_lines": [18], "excluded_lines": []}}, "classes": {"TestColorDefs": {"executed_lines": [6, 7, 10, 11, 14, 15], "summary": {"covered_lines": 6, "num_statements": 6, "percent_covered": 100.0, "percent_covered_display": "100", "missing_lines": 0, "excluded_lines": 0}, "missing_lines": [], "excluded_lines": []}, "": {"executed_lines": [1, 2, 4, 5, 9, 13, 17], "summary": {"covered_lines": 7, "num_statements": 8, "percent_covered": 87.5, "percent_covered_display": "88", "missing_lines": 1, "excluded_lines": 0}, "missing_lines": [18], "excluded_lines": []}}}, "tests\\test_simulation.py": {"executed_lines": [1, 2, 3, 7, 10, 11, 12, 13, 14, 15, 16, 17, 18, 20, 21, 22, 23, 24, 26, 28, 29, 32, 33, 36, 37, 40, 41, 44, 52, 53, 54, 55, 58, 59, 61, 62, 63, 65, 66, 67, 70, 71, 72, 75, 76, 81, 82, 83, 87], "summary": {"covered_lines": 49, "num_statements": 55, "percent_covered": 89.0909090909091, "percent_covered_display": "89", "missing_lines": 6, "excluded_lines": 0}, "missing_lines": [45, 48, 49, 73, 84, 88], "excluded_lines": [], "functions": {"TestRobotSimulation.test_init_robots": {"executed_lines": [12, 13, 14, 15, 16, 17, 18], "summary": {"covered_lines": 7, "num_statements": 7, "percent_covered": 100.0, "percent_covered_display": "100", "missing_lines": 0, "excluded_lines": 0}, "missing_lines": [], "excluded_lines": []}, "TestRobotSimulation.test_move_forward_wrap": {"executed_lines": [21, 22, 23, 24], "summary": {"covered_lines": 4, "num_statements": 4, "percent_covered": 100.0, "percent_covered_display": "100", "missing_lines": 0, "excluded_lines": 0}, "missing_lines": [], "excluded_lines": []}, "TestRobotSimulation.test_turning": {"executed_lines": [28, 29, 32, 33, 36, 37, 40, 41, 44], "summary": {"covered_lines": 9, "num_statements": 12, "percent_covered": 75.0, "percent_covered_display": "75", "missing_lines": 3, "excluded_lines": 0}, "missing_lines": [45, 48, 49], "excluded_lines": []}, "TestRobotSimulation.test_simulate_step_logic": {"executed_lines": [53, 54, 55, 58, 59], "summary": {"covered_lines": 5, "num_statements": 5, "percent_covered": 100.0, "percent_covered_display": "100", "missing_lines": 0, "excluded_lines": 0}, "missing_lines": [], "excluded_lines": []}, "TestRobotSimulation.test_run_simulation_output": {"executed_lines": [62, 63, 65, 66, 67, 70, 71, 72], "summary": {"covered_lines": 8, "num_statements": 9, "percent_covered": 88.88888888888889, "percent_covered_display": "89", "missing_lines": 1, "excluded_lines": 0}, "missing_lines": [73], "excluded_lines": []}, "TestRobotSimulation.test_print_floor_console": {"executed_lines": [76, 81, 82, 83], "summary": {"covered_lines": 4, "num_statements": 5, "percent_covered": 80.0, "percent_covered_display": "80", "missing_lines": 1, "excluded_lines": 0}, "missing_lines": [84], "excluded_lines": []}, "": {"executed_lines": [1, 2, 3, 7, 10, 11, 20, 26, 52, 61, 75, 87], "summary": {"covered_lines": 12, "num_statements": 13, "percent_covered": 92.3076923076923, "percent_covered_display": "92", "missing_lines": 1, "excluded_lines": 0}, "missing_lines": [88], "excluded_lines": []}}, "classes": {"TestRobotSimulation": {"executed_lines": [12, 13, 14, 15, 16, 17, 18, 21, 22, 23, 24, 28, 29, 32, 33, 36, 37, 40, 41, 44, 53, 54, 55, 58, 59, 62, 63, 65, 66, 67, 70, 71, 72, 76, 81, 82, 83], "summary": {"covered_lines": 37, "num_statements": 42, "percent_covered": 88.0952380952381, "percent_covered_display": "88", "missing_lines": 5, "excluded_lines": 0}, "missing_lines": [45, 48, 49, 73, 84], "excluded_lines": []}, "": {"executed_lines": [1, 2, 3, 7, 10, 11, 20, 26, 52, 61, 75, 87], "summary": {"covered_lines": 12, "num_statements": 13, "percent_covered": 92.3076923076923, "percent_covered_display": "92", "missing_lines": 1, "excluded_lines": 0}, "missing_lines": [88], "excluded_lines": []}}}}, "totals": {"covered_lines": 188, "num_statements": 311, "percent_covered": 60.450160771704184, "percent_covered_display": "60", "missing_lines": 123, "excluded_lines": 0}}